0 info it worked if it ends with ok
1 verbose cli [ '/usr/bin/nodejs', '/usr/bin/npm', 'install', '-g', 'mmap.js' ]
2 info using npm@3.10.10
3 info using node@v6.14.4
4 silly loadCurrentTree Starting
5 silly install loadCurrentTree
6 silly install readGlobalPackageData
7 silly fetchPackageMetaData mmap.js
8 silly fetchNamedPackageData mmap.js
9 silly mapToRegistry name mmap.js
10 silly mapToRegistry using default registry
11 silly mapToRegistry registry https://registry.npmjs.org/
12 silly mapToRegistry data Result {
12 silly mapToRegistry   raw: 'mmap.js',
12 silly mapToRegistry   scope: null,
12 silly mapToRegistry   escapedName: 'mmap.js',
12 silly mapToRegistry   name: 'mmap.js',
12 silly mapToRegistry   rawSpec: '',
12 silly mapToRegistry   spec: 'latest',
12 silly mapToRegistry   type: 'tag' }
13 silly mapToRegistry uri https://registry.npmjs.org/mmap.js
14 verbose get https://registry.npmjs.org/mmap.js not expired, no request
15 silly install normalizeTree
16 silly loadCurrentTree Finishing
17 silly loadIdealTree Starting
18 silly install loadIdealTree
19 silly cloneCurrentTree Starting
20 silly install cloneCurrentTreeToIdealTree
21 silly cloneCurrentTree Finishing
22 silly loadShrinkwrap Starting
23 silly install loadShrinkwrap
24 silly loadShrinkwrap Finishing
25 silly loadAllDepsIntoIdealTree Starting
26 silly install loadAllDepsIntoIdealTree
27 silly resolveWithNewModule mmap.js@1.0.3 checking installable status
28 silly cache add args [ 'mmap.js', null ]
29 verbose cache add spec mmap.js
30 silly cache add parsed spec Result {
30 silly cache add   raw: 'mmap.js',
30 silly cache add   scope: null,
30 silly cache add   escapedName: 'mmap.js',
30 silly cache add   name: 'mmap.js',
30 silly cache add   rawSpec: '',
30 silly cache add   spec: 'latest',
30 silly cache add   type: 'tag' }
31 silly addNamed mmap.js@latest
32 verbose addNamed "latest" is being treated as a dist-tag for mmap.js
33 info addNameTag [ 'mmap.js', 'latest' ]
34 silly mapToRegistry name mmap.js
35 silly mapToRegistry using default registry
36 silly mapToRegistry registry https://registry.npmjs.org/
37 silly mapToRegistry data Result {
37 silly mapToRegistry   raw: 'mmap.js',
37 silly mapToRegistry   scope: null,
37 silly mapToRegistry   escapedName: 'mmap.js',
37 silly mapToRegistry   name: 'mmap.js',
37 silly mapToRegistry   rawSpec: '',
37 silly mapToRegistry   spec: 'latest',
37 silly mapToRegistry   type: 'tag' }
38 silly mapToRegistry uri https://registry.npmjs.org/mmap.js
39 verbose addNameTag registry:https://registry.npmjs.org/mmap.js not in flight; fetching
40 verbose get https://registry.npmjs.org/mmap.js not expired, no request
41 silly addNameTag next cb for mmap.js with tag latest
42 silly addNamed mmap.js@1.0.3
43 verbose addNamed "1.0.3" is a plain semver version for mmap.js
44 silly cache afterAdd mmap.js@1.0.3
45 verbose afterAdd /root/.npm/mmap.js/1.0.3/package/package.json not in flight; writing
46 verbose correctMkdir /root/.npm correctMkdir not in flight; initializing
47 verbose afterAdd /root/.npm/mmap.js/1.0.3/package/package.json written
48 silly fetchNamedPackageData bindings
49 silly mapToRegistry name bindings
50 silly mapToRegistry using default registry
51 silly mapToRegistry registry https://registry.npmjs.org/
52 silly mapToRegistry data Result {
52 silly mapToRegistry   raw: 'bindings',
52 silly mapToRegistry   scope: null,
52 silly mapToRegistry   escapedName: 'bindings',
52 silly mapToRegistry   name: 'bindings',
52 silly mapToRegistry   rawSpec: '',
52 silly mapToRegistry   spec: 'latest',
52 silly mapToRegistry   type: 'tag' }
53 silly mapToRegistry uri https://registry.npmjs.org/bindings
54 silly fetchNamedPackageData nan
55 silly mapToRegistry name nan
56 silly mapToRegistry using default registry
57 silly mapToRegistry registry https://registry.npmjs.org/
58 silly mapToRegistry data Result {
58 silly mapToRegistry   raw: 'nan',
58 silly mapToRegistry   scope: null,
58 silly mapToRegistry   escapedName: 'nan',
58 silly mapToRegistry   name: 'nan',
58 silly mapToRegistry   rawSpec: '',
58 silly mapToRegistry   spec: 'latest',
58 silly mapToRegistry   type: 'tag' }
59 silly mapToRegistry uri https://registry.npmjs.org/nan
60 verbose get https://registry.npmjs.org/bindings not expired, no request
61 silly resolveWithNewModule bindings@1.3.0 checking installable status
62 silly cache add args [ 'bindings@^1.2.1', null ]
63 verbose cache add spec bindings@^1.2.1
64 silly cache add parsed spec Result {
64 silly cache add   raw: 'bindings@^1.2.1',
64 silly cache add   scope: null,
64 silly cache add   escapedName: 'bindings',
64 silly cache add   name: 'bindings',
64 silly cache add   rawSpec: '^1.2.1',
64 silly cache add   spec: '>=1.2.1 <2.0.0',
64 silly cache add   type: 'range' }
65 silly addNamed bindings@>=1.2.1 <2.0.0
66 verbose addNamed ">=1.2.1 <2.0.0" is a valid semver range for bindings
67 silly addNameRange { name: 'bindings', range: '>=1.2.1 <2.0.0', hasData: false }
68 silly mapToRegistry name bindings
69 silly mapToRegistry using default registry
70 silly mapToRegistry registry https://registry.npmjs.org/
71 silly mapToRegistry data Result {
71 silly mapToRegistry   raw: 'bindings',
71 silly mapToRegistry   scope: null,
71 silly mapToRegistry   escapedName: 'bindings',
71 silly mapToRegistry   name: 'bindings',
71 silly mapToRegistry   rawSpec: '',
71 silly mapToRegistry   spec: 'latest',
71 silly mapToRegistry   type: 'tag' }
72 silly mapToRegistry uri https://registry.npmjs.org/bindings
73 verbose addNameRange registry:https://registry.npmjs.org/bindings not in flight; fetching
74 verbose get https://registry.npmjs.org/nan not expired, no request
75 silly resolveWithNewModule nan@2.11.0 checking installable status
76 silly cache add args [ 'nan@^2.5.0', null ]
77 verbose cache add spec nan@^2.5.0
78 silly cache add parsed spec Result {
78 silly cache add   raw: 'nan@^2.5.0',
78 silly cache add   scope: null,
78 silly cache add   escapedName: 'nan',
78 silly cache add   name: 'nan',
78 silly cache add   rawSpec: '^2.5.0',
78 silly cache add   spec: '>=2.5.0 <3.0.0',
78 silly cache add   type: 'range' }
79 silly addNamed nan@>=2.5.0 <3.0.0
80 verbose addNamed ">=2.5.0 <3.0.0" is a valid semver range for nan
81 silly addNameRange { name: 'nan', range: '>=2.5.0 <3.0.0', hasData: false }
82 silly mapToRegistry name nan
83 silly mapToRegistry using default registry
84 silly mapToRegistry registry https://registry.npmjs.org/
85 silly mapToRegistry data Result {
85 silly mapToRegistry   raw: 'nan',
85 silly mapToRegistry   scope: null,
85 silly mapToRegistry   escapedName: 'nan',
85 silly mapToRegistry   name: 'nan',
85 silly mapToRegistry   rawSpec: '',
85 silly mapToRegistry   spec: 'latest',
85 silly mapToRegistry   type: 'tag' }
86 silly mapToRegistry uri https://registry.npmjs.org/nan
87 verbose addNameRange registry:https://registry.npmjs.org/nan not in flight; fetching
88 verbose get https://registry.npmjs.org/bindings not expired, no request
89 silly addNameRange number 2 { name: 'bindings', range: '>=1.2.1 <2.0.0', hasData: true }
90 silly addNameRange versions [ 'bindings',
90 silly addNameRange   [ '0.0.1',
90 silly addNameRange     '0.1.0',
90 silly addNameRange     '0.1.1',
90 silly addNameRange     '0.2.0',
90 silly addNameRange     '0.2.1',
90 silly addNameRange     '0.2.2',
90 silly addNameRange     '0.2.3',
90 silly addNameRange     '0.2.4',
90 silly addNameRange     '0.3.0',
90 silly addNameRange     '0.4.0',
90 silly addNameRange     '1.0.0',
90 silly addNameRange     '1.1.0',
90 silly addNameRange     '1.1.1',
90 silly addNameRange     '1.2.0',
90 silly addNameRange     '1.2.1',
90 silly addNameRange     '1.3.0' ] ]
91 silly addNamed bindings@1.3.0
92 verbose addNamed "1.3.0" is a plain semver version for bindings
93 verbose get https://registry.npmjs.org/nan not expired, no request
94 silly addNameRange number 2 { name: 'nan', range: '>=2.5.0 <3.0.0', hasData: true }
95 silly addNameRange versions [ 'nan',
95 silly addNameRange   [ '0.3.0-wip',
95 silly addNameRange     '0.3.0-wip2',
95 silly addNameRange     '0.3.0',
95 silly addNameRange     '0.3.1',
95 silly addNameRange     '0.3.2',
95 silly addNameRange     '0.4.0',
95 silly addNameRange     '0.4.1',
95 silly addNameRange     '0.4.2',
95 silly addNameRange     '0.4.3',
95 silly addNameRange     '0.4.4',
95 silly addNameRange     '0.5.0',
95 silly addNameRange     '0.5.1',
95 silly addNameRange     '0.5.2',
95 silly addNameRange     '0.6.0',
95 silly addNameRange     '0.7.0',
95 silly addNameRange     '0.7.1',
95 silly addNameRange     '0.8.0',
95 silly addNameRange     '1.0.0',
95 silly addNameRange     '1.1.0',
95 silly addNameRange     '1.1.1',
95 silly addNameRange     '1.1.2',
95 silly addNameRange     '1.2.0',
95 silly addNameRange     '1.3.0',
95 silly addNameRange     '1.4.0',
95 silly addNameRange     '1.4.1',
95 silly addNameRange     '1.5.0',
95 silly addNameRange     '1.4.2',
95 silly addNameRange     '1.4.3',
95 silly addNameRange     '1.5.1',
95 silly addNameRange     '1.5.2',
95 silly addNameRange     '1.6.0',
95 silly addNameRange     '1.5.3',
95 silly addNameRange     '1.6.1',
95 silly addNameRange     '1.6.2',
95 silly addNameRange     '1.7.0',
95 silly addNameRange     '1.8.0',
95 silly addNameRange     '1.8.1',
95 silly addNameRange     '1.8.2',
95 silly addNameRange     '1.8.3',
95 silly addNameRange     '1.8.4',
95 silly addNameRange     '1.9.0',
95 silly addNameRange     '2.0.0',
95 silly addNameRange     '2.0.1',
95 silly addNameRange     '2.0.2',
95 silly addNameRange     '2.0.3',
95 silly addNameRange     '2.0.4',
95 silly addNameRange     '2.0.5',
95 silly addNameRange     '2.0.6',
95 silly addNameRange     '2.0.7',
95 silly addNameRange     '2.0.8',
95 silly addNameRange     '2.0.9',
95 silly addNameRange     '2.1.0',
95 silly addNameRange     '2.2.0',
95 silly addNameRange     '2.2.1',
95 silly addNameRange     '2.3.0',
95 silly addNameRange     '2.3.1',
95 silly addNameRange     '2.3.2',
95 silly addNameRange     '2.3.3',
95 silly addNameRange     '2.3.4',
95 silly addNameRange     '2.3.5',
95 silly addNameRange     '2.4.0',
95 silly addNameRange     '2.5.0',
95 silly addNameRange     '2.5.1',
95 silly addNameRange     '2.6.0',
95 silly addNameRange     '2.6.1',
95 silly addNameRange     '2.6.2',
95 silly addNameRange     '2.7.0',
95 silly addNameRange     '2.8.0',
95 silly addNameRange     '2.9.1',
95 silly addNameRange     '2.9.2',
95 silly addNameRange     '2.10.0',
95 silly addNameRange     '2.11.0' ] ]
96 silly addNamed nan@2.11.0
97 verbose addNamed "2.11.0" is a plain semver version for nan
98 silly cache afterAdd bindings@1.3.0
99 verbose afterAdd /root/.npm/bindings/1.3.0/package/package.json not in flight; writing
100 verbose correctMkdir /root/.npm correctMkdir not in flight; initializing
101 silly cache afterAdd nan@2.11.0
102 verbose afterAdd /root/.npm/nan/2.11.0/package/package.json not in flight; writing
103 verbose correctMkdir /root/.npm correctMkdir not in flight; initializing
104 verbose afterAdd /root/.npm/nan/2.11.0/package/package.json written
105 verbose afterAdd /root/.npm/bindings/1.3.0/package/package.json written
106 silly loadAllDepsIntoIdealTree Finishing
107 silly loadIdealTree Finishing
108 silly currentTree lib
109 silly idealTree lib
109 silly idealTree └─┬ mmap.js@1.0.3
109 silly idealTree   ├── bindings@1.3.0
109 silly idealTree   └── nan@2.11.0
110 silly generateActionsToTake Starting
111 silly install generateActionsToTake
112 silly generateActionsToTake Finishing
113 silly diffTrees action count 3
114 silly diffTrees add bindings@1.3.0
115 silly diffTrees add nan@2.11.0
116 silly diffTrees add mmap.js@1.0.3
117 silly decomposeActions action count 24
118 silly decomposeActions fetch bindings@1.3.0
119 silly decomposeActions extract bindings@1.3.0
120 silly decomposeActions test bindings@1.3.0
121 silly decomposeActions preinstall bindings@1.3.0
122 silly decomposeActions build bindings@1.3.0
123 silly decomposeActions install bindings@1.3.0
124 silly decomposeActions postinstall bindings@1.3.0
125 silly decomposeActions finalize bindings@1.3.0
126 silly decomposeActions fetch nan@2.11.0
127 silly decomposeActions extract nan@2.11.0
128 silly decomposeActions test nan@2.11.0
129 silly decomposeActions preinstall nan@2.11.0
130 silly decomposeActions build nan@2.11.0
131 silly decomposeActions install nan@2.11.0
132 silly decomposeActions postinstall nan@2.11.0
133 silly decomposeActions finalize nan@2.11.0
134 silly decomposeActions fetch mmap.js@1.0.3
135 silly decomposeActions extract mmap.js@1.0.3
136 silly decomposeActions test mmap.js@1.0.3
137 silly decomposeActions preinstall mmap.js@1.0.3
138 silly decomposeActions build mmap.js@1.0.3
139 silly decomposeActions install mmap.js@1.0.3
140 silly decomposeActions postinstall mmap.js@1.0.3
141 silly decomposeActions finalize mmap.js@1.0.3
142 silly runTopLevelLifecycles Starting
143 silly executeActions Starting
144 silly install executeActions
145 silly doSerial global-install 0
146 silly doParallel fetch 3
147 verbose correctMkdir /root/.npm/_locks correctMkdir not in flight; initializing
148 verbose lock using /root/.npm/_locks/staging-a072192f34a17023.lock for /usr/lib/node_modules/.staging
149 silly doParallel extract 3
150 silly extract bindings@1.3.0
151 silly extract nan@2.11.0
152 silly extract mmap.js@1.0.3
153 verbose unbuild lib/node_modules/.staging/bindings-1bdbed7f
154 verbose unbuild lib/node_modules/.staging/nan-151cee1b
155 verbose unbuild lib/node_modules/.staging/mmap.js-0ca2ce63
156 silly gentlyRm /usr/lib/node_modules/.staging/bindings-1bdbed7f is being purged from base /usr
157 verbose gentlyRm don't care about contents; nuking /usr/lib/node_modules/.staging/bindings-1bdbed7f
158 silly gentlyRm /usr/lib/node_modules/.staging/nan-151cee1b is being purged from base /usr
159 verbose gentlyRm don't care about contents; nuking /usr/lib/node_modules/.staging/nan-151cee1b
160 silly gentlyRm /usr/lib/node_modules/.staging/mmap.js-0ca2ce63 is being purged from base /usr
161 verbose gentlyRm don't care about contents; nuking /usr/lib/node_modules/.staging/mmap.js-0ca2ce63
162 verbose tar unpack /root/.npm/bindings/1.3.0/package.tgz
163 verbose tar unpacking to /usr/lib/node_modules/.staging/bindings-1bdbed7f
164 silly gentlyRm /usr/lib/node_modules/.staging/bindings-1bdbed7f is being purged
165 verbose gentlyRm don't care about contents; nuking /usr/lib/node_modules/.staging/bindings-1bdbed7f
166 verbose tar unpack /root/.npm/nan/2.11.0/package.tgz
167 verbose tar unpacking to /usr/lib/node_modules/.staging/nan-151cee1b
168 silly gentlyRm /usr/lib/node_modules/.staging/nan-151cee1b is being purged
169 verbose gentlyRm don't care about contents; nuking /usr/lib/node_modules/.staging/nan-151cee1b
170 verbose tar unpack /root/.npm/mmap.js/1.0.3/package.tgz
171 verbose tar unpacking to /usr/lib/node_modules/.staging/mmap.js-0ca2ce63
172 silly gentlyRm /usr/lib/node_modules/.staging/mmap.js-0ca2ce63 is being purged
173 verbose gentlyRm don't care about contents; nuking /usr/lib/node_modules/.staging/mmap.js-0ca2ce63
174 silly gunzTarPerm modes [ '755', '644' ]
175 silly gunzTarPerm modes [ '755', '644' ]
176 silly gunzTarPerm modes [ '755', '644' ]
177 silly gunzTarPerm extractEntry package.json
178 silly gunzTarPerm extractEntry package.json
179 silly gunzTarPerm modified mode [ 'package.json', 436, 420 ]
180 silly gunzTarPerm extractEntry package.json
181 silly gunzTarPerm extractEntry README.md
182 silly gunzTarPerm extractEntry bindings.js
183 silly gunzTarPerm extractEntry CHANGELOG.md
184 silly gunzTarPerm modified mode [ 'CHANGELOG.md', 436, 420 ]
185 silly gunzTarPerm extractEntry include_dirs.js
186 silly gunzTarPerm modified mode [ 'include_dirs.js', 436, 420 ]
187 silly gunzTarPerm extractEntry .npmignore
188 silly gunzTarPerm extractEntry README.md
189 silly gunzTarPerm extractEntry LICENSE.md
190 silly gunzTarPerm modified mode [ 'LICENSE.md', 436, 420 ]
191 silly gunzTarPerm extractEntry nan_callbacks_12_inl.h
192 silly gunzTarPerm modified mode [ 'nan_callbacks_12_inl.h', 436, 420 ]
193 silly gunzTarPerm extractEntry nan_callbacks_pre_12_inl.h
194 silly gunzTarPerm modified mode [ 'nan_callbacks_pre_12_inl.h', 436, 420 ]
195 silly gunzTarPerm extractEntry binding.gyp
196 silly gunzTarPerm extractEntry lib/mmap.js
197 silly gunzTarPerm extractEntry src/mmap.cc
198 silly gunzTarPerm extractEntry test/api-test.js
199 silly gunzTarPerm extractEntry nan_callbacks.h
200 silly gunzTarPerm modified mode [ 'nan_callbacks.h', 436, 420 ]
201 silly gunzTarPerm extractEntry nan_converters_43_inl.h
202 silly gunzTarPerm modified mode [ 'nan_converters_43_inl.h', 436, 420 ]
203 silly gunzTarPerm extractEntry nan_converters_pre_43_inl.h
204 silly gunzTarPerm modified mode [ 'nan_converters_pre_43_inl.h', 436, 420 ]
205 silly gunzTarPerm extractEntry nan_converters.h
206 silly gunzTarPerm modified mode [ 'nan_converters.h', 436, 420 ]
207 silly gunzTarPerm extractEntry nan_define_own_property_helper.h
208 silly gunzTarPerm modified mode [ 'nan_define_own_property_helper.h', 436, 420 ]
209 silly gunzTarPerm extractEntry nan_implementation_12_inl.h
210 silly gunzTarPerm modified mode [ 'nan_implementation_12_inl.h', 436, 420 ]
211 silly gunzTarPerm extractEntry nan_implementation_pre_12_inl.h
212 silly gunzTarPerm modified mode [ 'nan_implementation_pre_12_inl.h', 436, 420 ]
213 silly gunzTarPerm extractEntry nan_json.h
214 silly gunzTarPerm modified mode [ 'nan_json.h', 436, 420 ]
215 silly gunzTarPerm extractEntry nan_maybe_43_inl.h
216 silly gunzTarPerm modified mode [ 'nan_maybe_43_inl.h', 436, 420 ]
217 silly gentlyRm /usr/lib/node_modules/.staging/bindings-1bdbed7f/node_modules is being purged
218 verbose gentlyRm don't care about contents; nuking /usr/lib/node_modules/.staging/bindings-1bdbed7f/node_modules
219 silly gunzTarPerm extractEntry nan_maybe_pre_43_inl.h
220 silly gunzTarPerm modified mode [ 'nan_maybe_pre_43_inl.h', 436, 420 ]
221 silly gunzTarPerm extractEntry nan_new.h
222 silly gunzTarPerm modified mode [ 'nan_new.h', 436, 420 ]
223 silly gunzTarPerm extractEntry nan_object_wrap.h
224 silly gunzTarPerm modified mode [ 'nan_object_wrap.h', 436, 420 ]
225 silly gunzTarPerm extractEntry nan_persistent_12_inl.h
226 silly gunzTarPerm modified mode [ 'nan_persistent_12_inl.h', 436, 420 ]
227 silly gunzTarPerm extractEntry nan_persistent_pre_12_inl.h
228 silly gunzTarPerm modified mode [ 'nan_persistent_pre_12_inl.h', 436, 420 ]
229 silly gunzTarPerm extractEntry nan_private.h
230 silly gunzTarPerm modified mode [ 'nan_private.h', 436, 420 ]
231 silly gunzTarPerm extractEntry nan_string_bytes.h
232 silly gunzTarPerm modified mode [ 'nan_string_bytes.h', 436, 420 ]
233 silly gunzTarPerm extractEntry nan_typedarray_contents.h
234 silly gunzTarPerm modified mode [ 'nan_typedarray_contents.h', 436, 420 ]
235 silly gunzTarPerm extractEntry nan_weak.h
236 silly gunzTarPerm modified mode [ 'nan_weak.h', 436, 420 ]
237 silly gentlyRm /usr/lib/node_modules/.staging/mmap.js-0ca2ce63/node_modules is being purged
238 verbose gentlyRm don't care about contents; nuking /usr/lib/node_modules/.staging/mmap.js-0ca2ce63/node_modules
239 silly gunzTarPerm extractEntry nan.h
240 silly gunzTarPerm modified mode [ 'nan.h', 436, 420 ]
241 silly gunzTarPerm extractEntry README.md
242 silly gunzTarPerm modified mode [ 'README.md', 436, 420 ]
243 silly gunzTarPerm extractEntry doc/asyncworker.md
244 silly gunzTarPerm modified mode [ 'doc/asyncworker.md', 436, 420 ]
245 silly gunzTarPerm extractEntry doc/buffers.md
246 silly gunzTarPerm modified mode [ 'doc/buffers.md', 436, 420 ]
247 silly gunzTarPerm extractEntry doc/callback.md
248 silly gunzTarPerm modified mode [ 'doc/callback.md', 436, 420 ]
249 silly gunzTarPerm extractEntry doc/converters.md
250 silly gunzTarPerm modified mode [ 'doc/converters.md', 436, 420 ]
251 silly gunzTarPerm extractEntry doc/errors.md
252 silly gunzTarPerm modified mode [ 'doc/errors.md', 436, 420 ]
253 silly gunzTarPerm extractEntry doc/json.md
254 silly gunzTarPerm modified mode [ 'doc/json.md', 436, 420 ]
255 silly gunzTarPerm extractEntry doc/maybe_types.md
256 silly gunzTarPerm modified mode [ 'doc/maybe_types.md', 436, 420 ]
257 silly gunzTarPerm extractEntry doc/methods.md
258 silly gunzTarPerm modified mode [ 'doc/methods.md', 436, 420 ]
259 silly gunzTarPerm extractEntry doc/new.md
260 silly gunzTarPerm modified mode [ 'doc/new.md', 436, 420 ]
261 silly gunzTarPerm extractEntry doc/node_misc.md
262 silly gunzTarPerm modified mode [ 'doc/node_misc.md', 436, 420 ]
263 silly gunzTarPerm extractEntry doc/object_wrappers.md
264 silly gunzTarPerm modified mode [ 'doc/object_wrappers.md', 436, 420 ]
265 silly gunzTarPerm extractEntry doc/persistent.md
266 silly gunzTarPerm modified mode [ 'doc/persistent.md', 436, 420 ]
267 silly gunzTarPerm extractEntry doc/scopes.md
268 silly gunzTarPerm modified mode [ 'doc/scopes.md', 436, 420 ]
269 silly gunzTarPerm extractEntry doc/script.md
270 silly gunzTarPerm modified mode [ 'doc/script.md', 436, 420 ]
271 silly gunzTarPerm extractEntry doc/string_bytes.md
272 silly gunzTarPerm modified mode [ 'doc/string_bytes.md', 436, 420 ]
273 silly gunzTarPerm extractEntry doc/v8_internals.md
274 silly gunzTarPerm modified mode [ 'doc/v8_internals.md', 436, 420 ]
275 silly gunzTarPerm extractEntry doc/v8_misc.md
276 silly gunzTarPerm modified mode [ 'doc/v8_misc.md', 436, 420 ]
277 silly gunzTarPerm extractEntry tools/1to2.js
278 silly gunzTarPerm modified mode [ 'tools/1to2.js', 509, 493 ]
279 silly gunzTarPerm extractEntry tools/package.json
280 silly gunzTarPerm modified mode [ 'tools/package.json', 436, 420 ]
281 silly gunzTarPerm extractEntry tools/README.md
282 silly gunzTarPerm modified mode [ 'tools/README.md', 436, 420 ]
283 silly gentlyRm /usr/lib/node_modules/.staging/nan-151cee1b/node_modules is being purged
284 verbose gentlyRm don't care about contents; nuking /usr/lib/node_modules/.staging/nan-151cee1b/node_modules
285 silly doParallel preinstall 3
286 silly preinstall bindings@1.3.0 /usr/lib/node_modules/.staging/bindings-1bdbed7f
287 info lifecycle bindings@1.3.0~preinstall: bindings@1.3.0
288 silly preinstall nan@2.11.0 /usr/lib/node_modules/.staging/nan-151cee1b
289 info lifecycle nan@2.11.0~preinstall: nan@2.11.0
290 silly preinstall mmap.js@1.0.3 /usr/lib/node_modules/.staging/mmap.js-0ca2ce63
291 info lifecycle mmap.js@1.0.3~preinstall: mmap.js@1.0.3
292 silly lifecycle bindings@1.3.0~preinstall: no script for preinstall, continuing
293 silly lifecycle nan@2.11.0~preinstall: no script for preinstall, continuing
294 silly lifecycle mmap.js@1.0.3~preinstall: no script for preinstall, continuing
295 silly doReverseSerial remove 0
296 silly doSerial move 0
297 silly doSerial finalize 3
298 silly finalize /usr/lib/node_modules/mmap.js/node_modules/bindings
299 silly finalize /usr/lib/node_modules/mmap.js/node_modules/nan
300 silly finalize /usr/lib/node_modules/mmap.js
301 silly doSerial build 3
302 silly build bindings@1.3.0
303 info linkStuff bindings@1.3.0
304 silly linkStuff bindings@1.3.0 has /usr/lib/node_modules/mmap.js/node_modules as its parent node_modules
305 silly linkStuff bindings@1.3.0 is part of a global install
306 silly linkStuff bindings@1.3.0 is installed into a global node_modules
307 verbose linkBins bindings@1.3.0
308 verbose linkMans bindings@1.3.0
309 silly build nan@2.11.0
310 info linkStuff nan@2.11.0
311 silly linkStuff nan@2.11.0 has /usr/lib/node_modules/mmap.js/node_modules as its parent node_modules
312 silly linkStuff nan@2.11.0 is part of a global install
313 silly linkStuff nan@2.11.0 is installed into a global node_modules
314 verbose linkBins nan@2.11.0
315 verbose linkMans nan@2.11.0
316 silly build mmap.js@1.0.3
317 info linkStuff mmap.js@1.0.3
318 silly linkStuff mmap.js@1.0.3 has /usr/lib/node_modules as its parent node_modules
319 silly linkStuff mmap.js@1.0.3 is part of a global install
320 silly linkStuff mmap.js@1.0.3 is installed into a global node_modules
321 silly linkStuff mmap.js@1.0.3 is installed into the top-level global node_modules
322 verbose linkBins mmap.js@1.0.3
323 verbose linkMans mmap.js@1.0.3
324 silly doSerial global-link 0
325 silly doParallel update-linked 0
326 silly doSerial install 3
327 silly install bindings@1.3.0 /usr/lib/node_modules/.staging/bindings-1bdbed7f
328 info lifecycle bindings@1.3.0~install: bindings@1.3.0
329 silly lifecycle bindings@1.3.0~install: no script for install, continuing
330 silly install nan@2.11.0 /usr/lib/node_modules/.staging/nan-151cee1b
331 info lifecycle nan@2.11.0~install: nan@2.11.0
332 silly lifecycle nan@2.11.0~install: no script for install, continuing
333 silly install mmap.js@1.0.3 /usr/lib/node_modules/.staging/mmap.js-0ca2ce63
334 info lifecycle mmap.js@1.0.3~install: mmap.js@1.0.3
335 verbose lifecycle mmap.js@1.0.3~install: unsafe-perm in lifecycle false
336 verbose lifecycle mmap.js@1.0.3~install: PATH: /usr/lib/node_modules/npm/bin/node-gyp-bin:/usr/lib/node_modules/mmap.js/node_modules/.bin:/usr/lib/node_modules/.bin:/usr/local/sbin:/usr/local/bin:/usr/sbin:/usr/bin:/sbin:/bin
337 verbose lifecycle mmap.js@1.0.3~install: CWD: /usr/lib/node_modules/mmap.js
338 silly lifecycle mmap.js@1.0.3~install: Args: [ '-c', 'node-gyp rebuild' ]
339 silly lifecycle mmap.js@1.0.3~install: Returned: code: 1  signal: null
340 info lifecycle mmap.js@1.0.3~install: Failed to exec install script
341 verbose unlock done using /root/.npm/_locks/staging-a072192f34a17023.lock for /usr/lib/node_modules/.staging
342 silly rollbackFailedOptional Starting
343 silly rollbackFailedOptional Finishing
344 silly runTopLevelLifecycles Finishing
345 silly install printInstalled
346 verbose stack Error: mmap.js@1.0.3 install: `node-gyp rebuild`
346 verbose stack Exit status 1
346 verbose stack     at EventEmitter.<anonymous> (/usr/lib/node_modules/npm/lib/utils/lifecycle.js:255:16)
346 verbose stack     at emitTwo (events.js:106:13)
346 verbose stack     at EventEmitter.emit (events.js:191:7)
346 verbose stack     at ChildProcess.<anonymous> (/usr/lib/node_modules/npm/lib/utils/spawn.js:40:14)
346 verbose stack     at emitTwo (events.js:106:13)
346 verbose stack     at ChildProcess.emit (events.js:191:7)
346 verbose stack     at maybeClose (internal/child_process.js:920:16)
346 verbose stack     at Process.ChildProcess._handle.onexit (internal/child_process.js:230:5)
347 verbose pkgid mmap.js@1.0.3
348 verbose cwd /home/debian/Linux32_Vinzenz_Felder/hw04
349 error Linux 4.14.67-ti-r74
350 error argv "/usr/bin/nodejs" "/usr/bin/npm" "install" "-g" "mmap.js"
351 error node v6.14.4
352 error npm  v3.10.10
353 error code ELIFECYCLE
354 error mmap.js@1.0.3 install: `node-gyp rebuild`
354 error Exit status 1
355 error Failed at the mmap.js@1.0.3 install script 'node-gyp rebuild'.
355 error Make sure you have the latest version of node.js and npm installed.
355 error If you do, this is most likely a problem with the mmap.js package,
355 error not with npm itself.
355 error Tell the author that this fails on your system:
355 error     node-gyp rebuild
355 error You can get information on how to open an issue for this project with:
355 error     npm bugs mmap.js
355 error Or if that isn't available, you can get their info via:
355 error     npm owner ls mmap.js
355 error There is likely additional logging output above.
356 verbose exit [ 1, true ]
